<?xml version="1.0" encoding="UTF-8"?>
<coverage generated="1532515302146" clover="3.2.0">
  <project timestamp="1532515302147" name="All files">
    <metrics statements="152" coveredstatements="111" conditionals="104" coveredconditionals="78" methods="23" coveredmethods="16" elements="279" coveredelements="205" complexity="0" loc="152" ncloc="152" packages="1" files="1" classes="1">
      <file name="_uri.js" path="/home/UX/vdurcikux/workspaces/uri/src/_uri.js">
        <metrics statements="152" coveredstatements="111" conditionals="104" coveredconditionals="78" methods="23" coveredmethods="16"/>
        <line num="1" count="1" type="stmt"/>
        <line num="14" count="1" type="stmt"/>
        <line num="15" count="1" type="stmt"/>
        <line num="16" count="1" type="stmt"/>
        <line num="17" count="1" type="stmt"/>
        <line num="18" count="1" type="stmt"/>
        <line num="19" count="1" type="stmt"/>
        <line num="20" count="1" type="stmt"/>
        <line num="21" count="1" type="stmt"/>
        <line num="22" count="1" type="stmt"/>
        <line num="23" count="1" type="stmt"/>
        <line num="24" count="1" type="stmt"/>
        <line num="25" count="1" type="stmt"/>
        <line num="26" count="1" type="stmt"/>
        <line num="27" count="1" type="stmt"/>
        <line num="28" count="1" type="stmt"/>
        <line num="33" count="94" type="stmt"/>
        <line num="34" count="94" type="stmt"/>
        <line num="35" count="94" type="cond" truecount="2" falsecount="0"/>
        <line num="36" count="52" type="stmt"/>
        <line num="38" count="52" type="cond" truecount="2" falsecount="0"/>
        <line num="40" count="94" type="cond" truecount="2" falsecount="0"/>
        <line num="41" count="94" type="stmt"/>
        <line num="51" count="49" type="cond" truecount="1" falsecount="1"/>
        <line num="52" count="0" type="stmt"/>
        <line num="54" count="49" type="stmt"/>
        <line num="55" count="49" type="cond" truecount="2" falsecount="0"/>
        <line num="56" count="49" type="stmt"/>
        <line num="57" count="49" type="cond" truecount="2" falsecount="0"/>
        <line num="58" count="49" type="stmt"/>
        <line num="62" count="52" type="cond" truecount="6" falsecount="0"/>
        <line num="64" count="52" type="cond" truecount="1" falsecount="1"/>
        <line num="65" count="0" type="stmt"/>
        <line num="70" count="52" type="stmt"/>
        <line num="72" count="52" type="stmt"/>
        <line num="73" count="52" type="cond" truecount="1" falsecount="1"/>
        <line num="74" count="52" type="cond" truecount="2" falsecount="0"/>
        <line num="75" count="52" type="stmt"/>
        <line num="76" count="52" type="cond" truecount="2" falsecount="0"/>
        <line num="77" count="52" type="cond" truecount="2" falsecount="0"/>
        <line num="79" count="52" type="stmt"/>
        <line num="83" count="13" type="stmt"/>
        <line num="84" count="13" type="cond" truecount="2" falsecount="0"/>
        <line num="87" count="13" type="cond" truecount="4" falsecount="0"/>
        <line num="88" count="12" type="stmt"/>
        <line num="90" count="1" type="stmt"/>
        <line num="91" count="1" type="cond" truecount="1" falsecount="1"/>
        <line num="92" count="0" type="stmt"/>
        <line num="94" count="1" type="stmt"/>
        <line num="96" count="13" type="stmt"/>
        <line num="97" count="13" type="stmt"/>
        <line num="101" count="80" type="stmt"/>
        <line num="102" count="80" type="stmt"/>
        <line num="103" count="80" type="stmt"/>
        <line num="104" count="80" type="stmt"/>
        <line num="105" count="80" type="stmt"/>
        <line num="106" count="256" type="stmt"/>
        <line num="107" count="256" type="cond" truecount="1" falsecount="1"/>
        <line num="108" count="0" type="stmt"/>
        <line num="109" count="0" type="stmt"/>
        <line num="111" count="256" type="cond" truecount="1" falsecount="1"/>
        <line num="112" count="0" type="stmt"/>
        <line num="113" count="0" type="stmt"/>
        <line num="115" count="256" type="cond" truecount="2" falsecount="0"/>
        <line num="116" count="9" type="stmt"/>
        <line num="117" count="9" type="stmt"/>
        <line num="119" count="247" type="cond" truecount="2" falsecount="0"/>
        <line num="120" count="4" type="stmt"/>
        <line num="121" count="4" type="stmt"/>
        <line num="124" count="247" type="cond" truecount="2" falsecount="0"/>
        <line num="125" count="24" type="stmt"/>
        <line num="126" count="24" type="stmt"/>
        <line num="127" count="24" type="cond" truecount="4" falsecount="0"/>
        <line num="128" count="19" type="stmt"/>
        <line num="130" count="24" type="stmt"/>
        <line num="132" count="223" type="cond" truecount="2" falsecount="0"/>
        <line num="133" count="3" type="stmt"/>
        <line num="134" count="3" type="stmt"/>
        <line num="135" count="3" type="stmt"/>
        <line num="136" count="3" type="cond" truecount="3" falsecount="1"/>
        <line num="137" count="3" type="stmt"/>
        <line num="140" count="223" type="cond" truecount="1" falsecount="1"/>
        <line num="141" count="0" type="stmt"/>
        <line num="142" count="0" type="stmt"/>
        <line num="144" count="223" type="cond" truecount="1" falsecount="1"/>
        <line num="145" count="0" type="stmt"/>
        <line num="146" count="0" type="stmt"/>
        <line num="148" count="223" type="stmt"/>
        <line num="149" count="223" type="cond" truecount="2" falsecount="0"/>
        <line num="150" count="80" type="stmt"/>
        <line num="152" count="223" type="stmt"/>
        <line num="153" count="223" type="stmt"/>
        <line num="156" count="80" type="stmt"/>
        <line num="163" count="33" type="cond" truecount="3" falsecount="1"/>
        <line num="164" count="0" type="stmt"/>
        <line num="166" count="33" type="stmt"/>
        <line num="167" count="33" type="cond" truecount="1" falsecount="1"/>
        <line num="173" count="1" type="stmt"/>
        <line num="175" count="42" type="cond" truecount="2" falsecount="2"/>
        <line num="176" count="0" type="stmt"/>
        <line num="178" count="42" type="cond" truecount="2" falsecount="0"/>
        <line num="179" count="40" type="stmt"/>
        <line num="180" count="40" type="cond" truecount="2" falsecount="0"/>
        <line num="181" count="39" type="stmt"/>
        <line num="182" count="39" type="cond" truecount="2" falsecount="0"/>
        <line num="183" count="3" type="stmt"/>
        <line num="184" count="3" type="cond" truecount="2" falsecount="0"/>
        <line num="186" count="36" type="cond" truecount="2" falsecount="0"/>
        <line num="190" count="42" type="cond" truecount="2" falsecount="0"/>
        <line num="191" count="42" type="stmt"/>
        <line num="198" count="42" type="cond" truecount="1" falsecount="1"/>
        <line num="199" count="0" type="stmt"/>
        <line num="204" count="42" type="stmt"/>
        <line num="205" count="42" type="stmt"/>
        <line num="217" count="8" type="cond" truecount="2" falsecount="0"/>
        <line num="218" count="2" type="stmt"/>
        <line num="220" count="6" type="stmt"/>
        <line num="221" count="6" type="cond" truecount="1" falsecount="1"/>
        <line num="222" count="0" type="stmt"/>
        <line num="224" count="12" type="stmt"/>
        <line num="237" count="7" type="cond" truecount="1" falsecount="1"/>
        <line num="238" count="0" type="stmt"/>
        <line num="240" count="7" type="cond" truecount="2" falsecount="0"/>
        <line num="241" count="2" type="stmt"/>
        <line num="244" count="11" type="stmt"/>
        <line num="248" count="0" type="stmt"/>
        <line num="252" count="2" type="stmt"/>
        <line num="256" count="0" type="stmt"/>
        <line num="267" count="0" type="cond" truecount="0" falsecount="2"/>
        <line num="268" count="0" type="stmt"/>
        <line num="270" count="0" type="stmt"/>
        <line num="271" count="0" type="stmt"/>
        <line num="274" count="0" type="stmt"/>
        <line num="275" count="0" type="stmt"/>
        <line num="276" count="0" type="cond" truecount="0" falsecount="2"/>
        <line num="277" count="0" type="stmt"/>
        <line num="278" count="0" type="stmt"/>
        <line num="280" count="0" type="stmt"/>
        <line num="281" count="0" type="cond" truecount="0" falsecount="2"/>
        <line num="282" count="0" type="stmt"/>
        <line num="284" count="0" type="stmt"/>
        <line num="286" count="0" type="cond" truecount="0" falsecount="2"/>
        <line num="287" count="0" type="stmt"/>
        <line num="288" count="0" type="cond" truecount="0" falsecount="2"/>
        <line num="289" count="0" type="stmt"/>
        <line num="291" count="0" type="stmt"/>
        <line num="294" count="0" type="stmt"/>
        <line num="298" count="0" type="stmt"/>
        <line num="302" count="0" type="stmt"/>
        <line num="306" count="0" type="stmt"/>
        <line num="310" count="0" type="stmt"/>
        <line num="313" count="1" type="stmt"/>
      </file>
    </metrics>
  </project>
</coverage>
