{"/home/UX/vdurcikux/workspaces/uri/src/_uri.js": {"path":"/home/UX/vdurcikux/workspaces/uri/src/_uri.js","statementMap":{"0":{"start":{"line":1,"column":22},"end":{"line":11,"column":1}},"1":{"start":{"line":14,"column":22},"end":{"line":14,"column":27}},"2":{"start":{"line":15,"column":25},"end":{"line":15,"column":30}},"3":{"start":{"line":16,"column":24},"end":{"line":16,"column":29}},"4":{"start":{"line":17,"column":22},"end":{"line":17,"column":56}},"5":{"start":{"line":18,"column":25},"end":{"line":18,"column":54}},"6":{"start":{"line":19,"column":27},"end":{"line":19,"column":52}},"7":{"start":{"line":20,"column":26},"end":{"line":20,"column":94}},"8":{"start":{"line":21,"column":28},"end":{"line":21,"column":30}},"9":{"start":{"line":22,"column":25},"end":{"line":22,"column":90}},"10":{"start":{"line":23,"column":22},"end":{"line":23,"column":45}},"11":{"start":{"line":24,"column":22},"end":{"line":24,"column":42}},"12":{"start":{"line":25,"column":24},"end":{"line":25,"column":37}},"13":{"start":{"line":26,"column":25},"end":{"line":26,"column":55}},"14":{"start":{"line":27,"column":24},"end":{"line":27,"column":52}},"15":{"start":{"line":28,"column":30},"end":{"line":28,"column":56}},"16":{"start":{"line":33,"column":87},"end":{"line":33,"column":114}},"17":{"start":{"line":34,"column":14},"end":{"line":34,"column":58}},"18":{"start":{"line":35,"column":4},"end":{"line":39,"column":5}},"19":{"start":{"line":36,"column":8},"end":{"line":36,"column":51}},"20":{"start":{"line":38,"column":8},"end":{"line":38,"column":40}},"21":{"start":{"line":40,"column":4},"end":{"line":40,"column":36}},"22":{"start":{"line":41,"column":4},"end":{"line":41,"column":13}},"23":{"start":{"line":51,"column":4},"end":{"line":53,"column":5}},"24":{"start":{"line":52,"column":8},"end":{"line":52,"column":48}},"25":{"start":{"line":54,"column":17},"end":{"line":54,"column":19}},"26":{"start":{"line":55,"column":4},"end":{"line":55,"column":53}},"27":{"start":{"line":56,"column":4},"end":{"line":56,"column":19}},"28":{"start":{"line":57,"column":4},"end":{"line":57,"column":45}},"29":{"start":{"line":58,"column":4},"end":{"line":58,"column":18}},"30":{"start":{"line":62,"column":14},"end":{"line":63,"column":95}},"31":{"start":{"line":64,"column":4},"end":{"line":66,"column":5}},"32":{"start":{"line":65,"column":8},"end":{"line":65,"column":75}},"33":{"start":{"line":70,"column":4},"end":{"line":70,"column":62}},"34":{"start":{"line":72,"column":17},"end":{"line":72,"column":19}},"35":{"start":{"line":73,"column":4},"end":{"line":73,"column":49}},"36":{"start":{"line":74,"column":4},"end":{"line":74,"column":56}},"37":{"start":{"line":75,"column":4},"end":{"line":75,"column":19}},"38":{"start":{"line":76,"column":4},"end":{"line":76,"column":47}},"39":{"start":{"line":77,"column":4},"end":{"line":77,"column":53}},"40":{"start":{"line":79,"column":4},"end":{"line":79,"column":18}},"41":{"start":{"line":83,"column":19},"end":{"line":83,"column":34}},"42":{"start":{"line":84,"column":20},"end":{"line":84,"column":63}},"43":{"start":{"line":87,"column":8},"end":{"line":89,"column":9}},"44":{"start":{"line":88,"column":12},"end":{"line":88,"column":19}},"45":{"start":{"line":90,"column":18},"end":{"line":90,"column":40}},"46":{"start":{"line":91,"column":8},"end":{"line":93,"column":9}},"47":{"start":{"line":92,"column":12},"end":{"line":92,"column":68}},"48":{"start":{"line":94,"column":8},"end":{"line":94,"column":22}},"49":{"start":{"line":96,"column":4},"end":{"line":96,"column":27}},"50":{"start":{"line":97,"column":4},"end":{"line":97,"column":27}},"51":{"start":{"line":101,"column":27},"end":{"line":101,"column":28}},"52":{"start":{"line":102,"column":27},"end":{"line":102,"column":38}},"53":{"start":{"line":103,"column":17},"end":{"line":103,"column":19}},"54":{"start":{"line":104,"column":13},"end":{"line":104,"column":15}},"55":{"start":{"line":105,"column":4},"end":{"line":154,"column":5}},"56":{"start":{"line":106,"column":18},"end":{"line":106,"column":50}},"57":{"start":{"line":107,"column":8},"end":{"line":110,"column":9}},"58":{"start":{"line":108,"column":12},"end":{"line":108,"column":34}},"59":{"start":{"line":109,"column":12},"end":{"line":109,"column":21}},"60":{"start":{"line":111,"column":8},"end":{"line":114,"column":9}},"61":{"start":{"line":112,"column":12},"end":{"line":112,"column":34}},"62":{"start":{"line":113,"column":12},"end":{"line":113,"column":21}},"63":{"start":{"line":115,"column":8},"end":{"line":118,"column":9}},"64":{"start":{"line":116,"column":12},"end":{"line":116,"column":34}},"65":{"start":{"line":117,"column":12},"end":{"line":117,"column":21}},"66":{"start":{"line":119,"column":8},"end":{"line":123,"column":9}},"67":{"start":{"line":120,"column":12},"end":{"line":120,"column":22}},"68":{"start":{"line":121,"column":12},"end":{"line":121,"column":34}},"69":{"start":{"line":124,"column":8},"end":{"line":131,"column":9}},"70":{"start":{"line":125,"column":12},"end":{"line":125,"column":34}},"71":{"start":{"line":126,"column":12},"end":{"line":126,"column":41}},"72":{"start":{"line":127,"column":12},"end":{"line":129,"column":13}},"73":{"start":{"line":128,"column":16},"end":{"line":128,"column":49}},"74":{"start":{"line":130,"column":12},"end":{"line":130,"column":21}},"75":{"start":{"line":132,"column":8},"end":{"line":139,"column":9}},"76":{"start":{"line":133,"column":12},"end":{"line":133,"column":22}},"77":{"start":{"line":134,"column":12},"end":{"line":134,"column":34}},"78":{"start":{"line":135,"column":12},"end":{"line":135,"column":41}},"79":{"start":{"line":136,"column":12},"end":{"line":138,"column":13}},"80":{"start":{"line":137,"column":16},"end":{"line":137,"column":49}},"81":{"start":{"line":140,"column":8},"end":{"line":143,"column":9}},"82":{"start":{"line":141,"column":12},"end":{"line":141,"column":34}},"83":{"start":{"line":142,"column":12},"end":{"line":142,"column":21}},"84":{"start":{"line":144,"column":8},"end":{"line":147,"column":9}},"85":{"start":{"line":145,"column":12},"end":{"line":145,"column":34}},"86":{"start":{"line":146,"column":12},"end":{"line":146,"column":21}},"87":{"start":{"line":148,"column":24},"end":{"line":148,"column":43}},"88":{"start":{"line":149,"column":8},"end":{"line":151,"column":9}},"89":{"start":{"line":150,"column":12},"end":{"line":150,"column":35}},"90":{"start":{"line":152,"column":8},"end":{"line":152,"column":38}},"91":{"start":{"line":153,"column":8},"end":{"line":153,"column":48}},"92":{"start":{"line":156,"column":4},"end":{"line":156,"column":18}},"93":{"start":{"line":163,"column":4},"end":{"line":165,"column":5}},"94":{"start":{"line":164,"column":8},"end":{"line":164,"column":29}},"95":{"start":{"line":166,"column":15},"end":{"line":166,"column":36}},"96":{"start":{"line":167,"column":4},"end":{"line":167,"column":71}},"97":{"start":{"line":173,"column":35},"end":{"line":173,"column":39}},"98":{"start":{"line":175,"column":4},"end":{"line":177,"column":5}},"99":{"start":{"line":176,"column":8},"end":{"line":176,"column":27}},"100":{"start":{"line":178,"column":4},"end":{"line":189,"column":5}},"101":{"start":{"line":179,"column":8},"end":{"line":179,"column":29}},"102":{"start":{"line":180,"column":8},"end":{"line":188,"column":9}},"103":{"start":{"line":181,"column":12},"end":{"line":181,"column":57}},"104":{"start":{"line":182,"column":12},"end":{"line":187,"column":13}},"105":{"start":{"line":183,"column":16},"end":{"line":183,"column":33}},"106":{"start":{"line":184,"column":16},"end":{"line":184,"column":59}},"107":{"start":{"line":186,"column":16},"end":{"line":186,"column":93}},"108":{"start":{"line":190,"column":4},"end":{"line":190,"column":45}},"109":{"start":{"line":191,"column":4},"end":{"line":191,"column":78}},"110":{"start":{"line":198,"column":4},"end":{"line":200,"column":5}},"111":{"start":{"line":199,"column":8},"end":{"line":199,"column":70}},"112":{"start":{"line":204,"column":4},"end":{"line":204,"column":27}},"113":{"start":{"line":205,"column":4},"end":{"line":205,"column":42}},"114":{"start":{"line":217,"column":4},"end":{"line":219,"column":5}},"115":{"start":{"line":218,"column":8},"end":{"line":218,"column":18}},"116":{"start":{"line":220,"column":21},"end":{"line":220,"column":43}},"117":{"start":{"line":221,"column":4},"end":{"line":223,"column":5}},"118":{"start":{"line":222,"column":8},"end":{"line":222,"column":39}},"119":{"start":{"line":224,"column":4},"end":{"line":224,"column":66}},"120":{"start":{"line":224,"column":37},"end":{"line":224,"column":64}},"121":{"start":{"line":237,"column":4},"end":{"line":239,"column":5}},"122":{"start":{"line":238,"column":8},"end":{"line":238,"column":80}},"123":{"start":{"line":240,"column":4},"end":{"line":242,"column":5}},"124":{"start":{"line":241,"column":8},"end":{"line":241,"column":18}},"125":{"start":{"line":244,"column":4},"end":{"line":244,"column":94}},"126":{"start":{"line":244,"column":41},"end":{"line":244,"column":80}},"127":{"start":{"line":248,"column":4},"end":{"line":248,"column":51}},"128":{"start":{"line":252,"column":4},"end":{"line":252,"column":45}},"129":{"start":{"line":256,"column":4},"end":{"line":256,"column":48}},"130":{"start":{"line":267,"column":4},"end":{"line":269,"column":5}},"131":{"start":{"line":268,"column":8},"end":{"line":268,"column":20}},"132":{"start":{"line":270,"column":20},"end":{"line":270,"column":49}},"133":{"start":{"line":271,"column":19},"end":{"line":271,"column":45}},"134":{"start":{"line":274,"column":4},"end":{"line":293,"column":5}},"135":{"start":{"line":275,"column":16},"end":{"line":275,"column":25}},"136":{"start":{"line":276,"column":8},"end":{"line":292,"column":9}},"137":{"start":{"line":277,"column":12},"end":{"line":285,"column":13}},"138":{"start":{"line":278,"column":16},"end":{"line":278,"column":38}},"139":{"start":{"line":280,"column":16},"end":{"line":280,"column":61}},"140":{"start":{"line":281,"column":16},"end":{"line":283,"column":17}},"141":{"start":{"line":282,"column":20},"end":{"line":282,"column":28}},"142":{"start":{"line":284,"column":16},"end":{"line":284,"column":25}},"143":{"start":{"line":286,"column":15},"end":{"line":292,"column":9}},"144":{"start":{"line":287,"column":12},"end":{"line":287,"column":57}},"145":{"start":{"line":288,"column":12},"end":{"line":290,"column":13}},"146":{"start":{"line":289,"column":16},"end":{"line":289,"column":24}},"147":{"start":{"line":291,"column":12},"end":{"line":291,"column":21}},"148":{"start":{"line":294,"column":4},"end":{"line":294,"column":16}},"149":{"start":{"line":298,"column":4},"end":{"line":298,"column":62}},"150":{"start":{"line":302,"column":4},"end":{"line":302,"column":56}},"151":{"start":{"line":306,"column":4},"end":{"line":306,"column":54}},"152":{"start":{"line":310,"column":4},"end":{"line":310,"column":57}},"153":{"start":{"line":313,"column":0},"end":{"line":329,"column":2}}},"fnMap":{"0":{"name":"decomposeComponents","decl":{"start":{"line":31,"column":9},"end":{"line":31,"column":28}},"loc":{"start":{"line":31,"column":37},"end":{"line":42,"column":1}},"line":31},"1":{"name":"recomposeAuthorityComponents","decl":{"start":{"line":50,"column":9},"end":{"line":50,"column":37}},"loc":{"start":{"line":50,"column":60},"end":{"line":59,"column":1}},"line":50},"2":{"name":"_checkAuthorityInvariant","decl":{"start":{"line":61,"column":9},"end":{"line":61,"column":33}},"loc":{"start":{"line":61,"column":67},"end":{"line":67,"column":1}},"line":61},"3":{"name":"recomposeComponents","decl":{"start":{"line":69,"column":9},"end":{"line":69,"column":28}},"loc":{"start":{"line":69,"column":97},"end":{"line":80,"column":1}},"line":69},"4":{"name":"percentEncode","decl":{"start":{"line":82,"column":9},"end":{"line":82,"column":22}},"loc":{"start":{"line":82,"column":40},"end":{"line":98,"column":1}},"line":82},"5":{"name":"encode","decl":{"start":{"line":86,"column":13},"end":{"line":86,"column":19}},"loc":{"start":{"line":86,"column":33},"end":{"line":95,"column":5}},"line":86},"6":{"name":"removeDotSegments","decl":{"start":{"line":100,"column":9},"end":{"line":100,"column":26}},"loc":{"start":{"line":100,"column":33},"end":{"line":157,"column":1}},"line":100},"7":{"name":"_merge","decl":{"start":{"line":162,"column":9},"end":{"line":162,"column":15}},"loc":{"start":{"line":162,"column":46},"end":{"line":168,"column":1}},"line":162},"8":{"name":"_transformReference","decl":{"start":{"line":174,"column":9},"end":{"line":174,"column":28}},"loc":{"start":{"line":174,"column":103},"end":{"line":192,"column":1}},"line":174},"9":{"name":"_preParseBaseUri","decl":{"start":{"line":197,"column":9},"end":{"line":197,"column":25}},"loc":{"start":{"line":197,"column":36},"end":{"line":201,"column":1}},"line":197},"10":{"name":"resolve","decl":{"start":{"line":203,"column":9},"end":{"line":203,"column":16}},"loc":{"start":{"line":203,"column":28},"end":{"line":206,"column":1}},"line":203},"11":{"name":"decodeSegments","decl":{"start":{"line":208,"column":9},"end":{"line":208,"column":23}},"loc":{"start":{"line":208,"column":37},"end":{"line":225,"column":1}},"line":208},"12":{"name":"(anonymous_12)","decl":{"start":{"line":224,"column":24},"end":{"line":224,"column":25}},"loc":{"start":{"line":224,"column":37},"end":{"line":224,"column":64}},"line":224},"13":{"name":"encodeSegments","decl":{"start":{"line":227,"column":9},"end":{"line":227,"column":23}},"loc":{"start":{"line":227,"column":34},"end":{"line":245,"column":1}},"line":227},"14":{"name":"(anonymous_14)","decl":{"start":{"line":244,"column":28},"end":{"line":244,"column":29}},"loc":{"start":{"line":244,"column":41},"end":{"line":244,"column":80}},"line":244},"15":{"name":"encodeSegment","decl":{"start":{"line":247,"column":9},"end":{"line":247,"column":22}},"loc":{"start":{"line":247,"column":32},"end":{"line":249,"column":1}},"line":247},"16":{"name":"encodeQuery","decl":{"start":{"line":251,"column":9},"end":{"line":251,"column":20}},"loc":{"start":{"line":251,"column":26},"end":{"line":253,"column":1}},"line":251},"17":{"name":"encodeFragment","decl":{"start":{"line":255,"column":9},"end":{"line":255,"column":23}},"loc":{"start":{"line":255,"column":29},"end":{"line":257,"column":1}},"line":255},"18":{"name":"checkEncoding","decl":{"start":{"line":259,"column":9},"end":{"line":259,"column":22}},"loc":{"start":{"line":259,"column":62},"end":{"line":295,"column":1}},"line":259},"19":{"name":"checkSegmentsEncoding","decl":{"start":{"line":297,"column":9},"end":{"line":297,"column":30}},"loc":{"start":{"line":297,"column":45},"end":{"line":299,"column":1}},"line":297},"20":{"name":"checkSegmentEncoding","decl":{"start":{"line":301,"column":9},"end":{"line":301,"column":29}},"loc":{"start":{"line":301,"column":44},"end":{"line":303,"column":1}},"line":301},"21":{"name":"checkQueryEncoding","decl":{"start":{"line":305,"column":9},"end":{"line":305,"column":27}},"loc":{"start":{"line":305,"column":42},"end":{"line":307,"column":1}},"line":305},"22":{"name":"checkFragmentEncoding","decl":{"start":{"line":309,"column":9},"end":{"line":309,"column":30}},"loc":{"start":{"line":309,"column":45},"end":{"line":311,"column":1}},"line":309}},"branchMap":{"0":{"loc":{"start":{"line":35,"column":4},"end":{"line":39,"column":5}},"type":"if","locations":[{"start":{"line":35,"column":4},"end":{"line":39,"column":5}},{"start":{"line":35,"column":4},"end":{"line":39,"column":5}}],"line":35},"1":{"loc":{"start":{"line":38,"column":8},"end":{"line":38,"column":39}},"type":"binary-expr","locations":[{"start":{"line":38,"column":8},"end":{"line":38,"column":22}},{"start":{"line":38,"column":27},"end":{"line":38,"column":38}}],"line":38},"2":{"loc":{"start":{"line":40,"column":4},"end":{"line":40,"column":35}},"type":"binary-expr","locations":[{"start":{"line":40,"column":4},"end":{"line":40,"column":18}},{"start":{"line":40,"column":23},"end":{"line":40,"column":34}}],"line":40},"3":{"loc":{"start":{"line":51,"column":4},"end":{"line":53,"column":5}},"type":"if","locations":[{"start":{"line":51,"column":4},"end":{"line":53,"column":5}},{"start":{"line":51,"column":4},"end":{"line":53,"column":5}}],"line":51},"4":{"loc":{"start":{"line":55,"column":14},"end":{"line":55,"column":52}},"type":"cond-expr","locations":[{"start":{"line":55,"column":33},"end":{"line":55,"column":47}},{"start":{"line":55,"column":50},"end":{"line":55,"column":52}}],"line":55},"5":{"loc":{"start":{"line":57,"column":14},"end":{"line":57,"column":44}},"type":"cond-expr","locations":[{"start":{"line":57,"column":29},"end":{"line":57,"column":39}},{"start":{"line":57,"column":42},"end":{"line":57,"column":44}}],"line":57},"6":{"loc":{"start":{"line":62,"column":14},"end":{"line":63,"column":95}},"type":"binary-expr","locations":[{"start":{"line":62,"column":15},"end":{"line":62,"column":32}},{"start":{"line":62,"column":36},"end":{"line":62,"column":52}},{"start":{"line":62,"column":56},"end":{"line":62,"column":68}},{"start":{"line":62,"column":72},"end":{"line":62,"column":84}},{"start":{"line":63,"column":9},"end":{"line":63,"column":26}},{"start":{"line":63,"column":30},"end":{"line":63,"column":94}}],"line":62},"7":{"loc":{"start":{"line":64,"column":4},"end":{"line":66,"column":5}},"type":"if","locations":[{"start":{"line":64,"column":4},"end":{"line":66,"column":5}},{"start":{"line":64,"column":4},"end":{"line":66,"column":5}}],"line":64},"8":{"loc":{"start":{"line":73,"column":14},"end":{"line":73,"column":48}},"type":"cond-expr","locations":[{"start":{"line":73,"column":31},"end":{"line":73,"column":43}},{"start":{"line":73,"column":46},"end":{"line":73,"column":48}}],"line":73},"9":{"loc":{"start":{"line":74,"column":14},"end":{"line":74,"column":55}},"type":"cond-expr","locations":[{"start":{"line":74,"column":34},"end":{"line":74,"column":50}},{"start":{"line":74,"column":53},"end":{"line":74,"column":55}}],"line":74},"10":{"loc":{"start":{"line":76,"column":14},"end":{"line":76,"column":46}},"type":"cond-expr","locations":[{"start":{"line":76,"column":30},"end":{"line":76,"column":41}},{"start":{"line":76,"column":44},"end":{"line":76,"column":46}}],"line":76},"11":{"loc":{"start":{"line":77,"column":14},"end":{"line":77,"column":52}},"type":"cond-expr","locations":[{"start":{"line":77,"column":33},"end":{"line":77,"column":47}},{"start":{"line":77,"column":50},"end":{"line":77,"column":52}}],"line":77},"12":{"loc":{"start":{"line":84,"column":20},"end":{"line":84,"column":63}},"type":"binary-expr","locations":[{"start":{"line":84,"column":20},"end":{"line":84,"column":30}},{"start":{"line":84,"column":34},"end":{"line":84,"column":63}}],"line":84},"13":{"loc":{"start":{"line":87,"column":8},"end":{"line":89,"column":9}},"type":"if","locations":[{"start":{"line":87,"column":8},"end":{"line":89,"column":9}},{"start":{"line":87,"column":8},"end":{"line":89,"column":9}}],"line":87},"14":{"loc":{"start":{"line":87,"column":12},"end":{"line":87,"column":40}},"type":"binary-expr","locations":[{"start":{"line":87,"column":12},"end":{"line":87,"column":19}},{"start":{"line":87,"column":23},"end":{"line":87,"column":40}}],"line":87},"15":{"loc":{"start":{"line":91,"column":8},"end":{"line":93,"column":9}},"type":"if","locations":[{"start":{"line":91,"column":8},"end":{"line":93,"column":9}},{"start":{"line":91,"column":8},"end":{"line":93,"column":9}}],"line":91},"16":{"loc":{"start":{"line":107,"column":8},"end":{"line":110,"column":9}},"type":"if","locations":[{"start":{"line":107,"column":8},"end":{"line":110,"column":9}},{"start":{"line":107,"column":8},"end":{"line":110,"column":9}}],"line":107},"17":{"loc":{"start":{"line":111,"column":8},"end":{"line":114,"column":9}},"type":"if","locations":[{"start":{"line":111,"column":8},"end":{"line":114,"column":9}},{"start":{"line":111,"column":8},"end":{"line":114,"column":9}}],"line":111},"18":{"loc":{"start":{"line":115,"column":8},"end":{"line":118,"column":9}},"type":"if","locations":[{"start":{"line":115,"column":8},"end":{"line":118,"column":9}},{"start":{"line":115,"column":8},"end":{"line":118,"column":9}}],"line":115},"19":{"loc":{"start":{"line":119,"column":8},"end":{"line":123,"column":9}},"type":"if","locations":[{"start":{"line":119,"column":8},"end":{"line":123,"column":9}},{"start":{"line":119,"column":8},"end":{"line":123,"column":9}}],"line":119},"20":{"loc":{"start":{"line":124,"column":8},"end":{"line":131,"column":9}},"type":"if","locations":[{"start":{"line":124,"column":8},"end":{"line":131,"column":9}},{"start":{"line":124,"column":8},"end":{"line":131,"column":9}}],"line":124},"21":{"loc":{"start":{"line":127,"column":12},"end":{"line":129,"column":13}},"type":"if","locations":[{"start":{"line":127,"column":12},"end":{"line":129,"column":13}},{"start":{"line":127,"column":12},"end":{"line":129,"column":13}}],"line":127},"22":{"loc":{"start":{"line":127,"column":16},"end":{"line":127,"column":49}},"type":"binary-expr","locations":[{"start":{"line":127,"column":16},"end":{"line":127,"column":25}},{"start":{"line":127,"column":29},"end":{"line":127,"column":49}}],"line":127},"23":{"loc":{"start":{"line":132,"column":8},"end":{"line":139,"column":9}},"type":"if","locations":[{"start":{"line":132,"column":8},"end":{"line":139,"column":9}},{"start":{"line":132,"column":8},"end":{"line":139,"column":9}}],"line":132},"24":{"loc":{"start":{"line":136,"column":12},"end":{"line":138,"column":13}},"type":"if","locations":[{"start":{"line":136,"column":12},"end":{"line":138,"column":13}},{"start":{"line":136,"column":12},"end":{"line":138,"column":13}}],"line":136},"25":{"loc":{"start":{"line":136,"column":16},"end":{"line":136,"column":49}},"type":"binary-expr","locations":[{"start":{"line":136,"column":16},"end":{"line":136,"column":25}},{"start":{"line":136,"column":29},"end":{"line":136,"column":49}}],"line":136},"26":{"loc":{"start":{"line":140,"column":8},"end":{"line":143,"column":9}},"type":"if","locations":[{"start":{"line":140,"column":8},"end":{"line":143,"column":9}},{"start":{"line":140,"column":8},"end":{"line":143,"column":9}}],"line":140},"27":{"loc":{"start":{"line":144,"column":8},"end":{"line":147,"column":9}},"type":"if","locations":[{"start":{"line":144,"column":8},"end":{"line":147,"column":9}},{"start":{"line":144,"column":8},"end":{"line":147,"column":9}}],"line":144},"28":{"loc":{"start":{"line":149,"column":8},"end":{"line":151,"column":9}},"type":"if","locations":[{"start":{"line":149,"column":8},"end":{"line":151,"column":9}},{"start":{"line":149,"column":8},"end":{"line":151,"column":9}}],"line":149},"29":{"loc":{"start":{"line":163,"column":4},"end":{"line":165,"column":5}},"type":"if","locations":[{"start":{"line":163,"column":4},"end":{"line":165,"column":5}},{"start":{"line":163,"column":4},"end":{"line":165,"column":5}}],"line":163},"30":{"loc":{"start":{"line":163,"column":8},"end":{"line":163,"column":40}},"type":"binary-expr","locations":[{"start":{"line":163,"column":8},"end":{"line":163,"column":25}},{"start":{"line":163,"column":29},"end":{"line":163,"column":40}}],"line":163},"31":{"loc":{"start":{"line":167,"column":11},"end":{"line":167,"column":70}},"type":"cond-expr","locations":[{"start":{"line":167,"column":25},"end":{"line":167,"column":32}},{"start":{"line":167,"column":35},"end":{"line":167,"column":70}}],"line":167},"32":{"loc":{"start":{"line":175,"column":4},"end":{"line":177,"column":5}},"type":"if","locations":[{"start":{"line":175,"column":4},"end":{"line":177,"column":5}},{"start":{"line":175,"column":4},"end":{"line":177,"column":5}}],"line":175},"33":{"loc":{"start":{"line":175,"column":8},"end":{"line":175,"column":61}},"type":"binary-expr","locations":[{"start":{"line":175,"column":8},"end":{"line":175,"column":35}},{"start":{"line":175,"column":39},"end":{"line":175,"column":61}}],"line":175},"34":{"loc":{"start":{"line":178,"column":4},"end":{"line":189,"column":5}},"type":"if","locations":[{"start":{"line":178,"column":4},"end":{"line":189,"column":5}},{"start":{"line":178,"column":4},"end":{"line":189,"column":5}}],"line":178},"35":{"loc":{"start":{"line":180,"column":8},"end":{"line":188,"column":9}},"type":"if","locations":[{"start":{"line":180,"column":8},"end":{"line":188,"column":9}},{"start":{"line":180,"column":8},"end":{"line":188,"column":9}}],"line":180},"36":{"loc":{"start":{"line":182,"column":12},"end":{"line":187,"column":13}},"type":"if","locations":[{"start":{"line":182,"column":12},"end":{"line":187,"column":13}},{"start":{"line":182,"column":12},"end":{"line":187,"column":13}}],"line":182},"37":{"loc":{"start":{"line":184,"column":24},"end":{"line":184,"column":58}},"type":"cond-expr","locations":[{"start":{"line":184,"column":40},"end":{"line":184,"column":45}},{"start":{"line":184,"column":48},"end":{"line":184,"column":58}}],"line":184},"38":{"loc":{"start":{"line":186,"column":23},"end":{"line":186,"column":92}},"type":"cond-expr","locations":[{"start":{"line":186,"column":48},"end":{"line":186,"column":52}},{"start":{"line":186,"column":55},"end":{"line":186,"column":92}}],"line":186},"39":{"loc":{"start":{"line":190,"column":4},"end":{"line":190,"column":44}},"type":"binary-expr","locations":[{"start":{"line":190,"column":4},"end":{"line":190,"column":8}},{"start":{"line":190,"column":13},"end":{"line":190,"column":43}}],"line":190},"40":{"loc":{"start":{"line":198,"column":4},"end":{"line":200,"column":5}},"type":"if","locations":[{"start":{"line":198,"column":4},"end":{"line":200,"column":5}},{"start":{"line":198,"column":4},"end":{"line":200,"column":5}}],"line":198},"41":{"loc":{"start":{"line":217,"column":4},"end":{"line":219,"column":5}},"type":"if","locations":[{"start":{"line":217,"column":4},"end":{"line":219,"column":5}},{"start":{"line":217,"column":4},"end":{"line":219,"column":5}}],"line":217},"42":{"loc":{"start":{"line":221,"column":4},"end":{"line":223,"column":5}},"type":"if","locations":[{"start":{"line":221,"column":4},"end":{"line":223,"column":5}},{"start":{"line":221,"column":4},"end":{"line":223,"column":5}}],"line":221},"43":{"loc":{"start":{"line":237,"column":4},"end":{"line":239,"column":5}},"type":"if","locations":[{"start":{"line":237,"column":4},"end":{"line":239,"column":5}},{"start":{"line":237,"column":4},"end":{"line":239,"column":5}}],"line":237},"44":{"loc":{"start":{"line":240,"column":4},"end":{"line":242,"column":5}},"type":"if","locations":[{"start":{"line":240,"column":4},"end":{"line":242,"column":5}},{"start":{"line":240,"column":4},"end":{"line":242,"column":5}}],"line":240},"45":{"loc":{"start":{"line":267,"column":4},"end":{"line":269,"column":5}},"type":"if","locations":[{"start":{"line":267,"column":4},"end":{"line":269,"column":5}},{"start":{"line":267,"column":4},"end":{"line":269,"column":5}}],"line":267},"46":{"loc":{"start":{"line":276,"column":8},"end":{"line":292,"column":9}},"type":"if","locations":[{"start":{"line":276,"column":8},"end":{"line":292,"column":9}},{"start":{"line":276,"column":8},"end":{"line":292,"column":9}}],"line":276},"47":{"loc":{"start":{"line":281,"column":16},"end":{"line":283,"column":17}},"type":"if","locations":[{"start":{"line":281,"column":16},"end":{"line":283,"column":17}},{"start":{"line":281,"column":16},"end":{"line":283,"column":17}}],"line":281},"48":{"loc":{"start":{"line":286,"column":15},"end":{"line":292,"column":9}},"type":"if","locations":[{"start":{"line":286,"column":15},"end":{"line":292,"column":9}},{"start":{"line":286,"column":15},"end":{"line":292,"column":9}}],"line":286},"49":{"loc":{"start":{"line":288,"column":12},"end":{"line":290,"column":13}},"type":"if","locations":[{"start":{"line":288,"column":12},"end":{"line":290,"column":13}},{"start":{"line":288,"column":12},"end":{"line":290,"column":13}}],"line":288}},"s":{"0":1,"1":1,"2":1,"3":1,"4":1,"5":1,"6":1,"7":1,"8":1,"9":1,"10":1,"11":1,"12":1,"13":1,"14":1,"15":1,"16":94,"17":94,"18":94,"19":52,"20":52,"21":94,"22":94,"23":49,"24":0,"25":49,"26":49,"27":49,"28":49,"29":49,"30":52,"31":52,"32":0,"33":52,"34":52,"35":52,"36":52,"37":52,"38":52,"39":52,"40":52,"41":13,"42":13,"43":13,"44":12,"45":1,"46":1,"47":0,"48":1,"49":13,"50":13,"51":80,"52":80,"53":80,"54":80,"55":80,"56":256,"57":256,"58":0,"59":0,"60":256,"61":0,"62":0,"63":256,"64":9,"65":9,"66":247,"67":4,"68":4,"69":247,"70":24,"71":24,"72":24,"73":19,"74":24,"75":223,"76":3,"77":3,"78":3,"79":3,"80":3,"81":223,"82":0,"83":0,"84":223,"85":0,"86":0,"87":223,"88":223,"89":80,"90":223,"91":223,"92":80,"93":33,"94":0,"95":33,"96":33,"97":1,"98":42,"99":0,"100":42,"101":40,"102":40,"103":39,"104":39,"105":3,"106":3,"107":36,"108":42,"109":42,"110":42,"111":0,"112":42,"113":42,"114":8,"115":2,"116":6,"117":6,"118":0,"119":6,"120":12,"121":7,"122":0,"123":7,"124":2,"125":5,"126":11,"127":0,"128":2,"129":0,"130":0,"131":0,"132":0,"133":0,"134":0,"135":0,"136":0,"137":0,"138":0,"139":0,"140":0,"141":0,"142":0,"143":0,"144":0,"145":0,"146":0,"147":0,"148":0,"149":0,"150":0,"151":0,"152":0,"153":1},"f":{"0":94,"1":49,"2":52,"3":52,"4":13,"5":13,"6":80,"7":33,"8":42,"9":42,"10":42,"11":8,"12":12,"13":7,"14":11,"15":0,"16":2,"17":0,"18":0,"19":0,"20":0,"21":0,"22":0},"b":{"0":[52,42],"1":[52,5],"2":[94,12],"3":[0,49],"4":[5,44],"5":[2,47],"6":[52,3,3,3,49,49],"7":[0,52],"8":[52,0],"9":[49,3],"10":[9,43],"11":[7,45],"12":[13,13],"13":[12,1],"14":[13,13],"15":[0,1],"16":[0,256],"17":[0,256],"18":[9,247],"19":[4,243],"20":[24,223],"21":[19,5],"22":[24,19],"23":[3,220],"24":[3,0],"25":[3,3],"26":[0,223],"27":[0,223],"28":[80,143],"29":[0,33],"30":[33,33],"31":[0,33],"32":[0,42],"33":[42,0],"34":[40,2],"35":[39,1],"36":[3,36],"37":[1,2],"38":[3,33],"39":[42,41],"40":[0,42],"41":[2,6],"42":[0,6],"43":[0,7],"44":[2,5],"45":[0,0],"46":[0,0],"47":[0,0],"48":[0,0],"49":[0,0]},"_coverageSchema":"332fd63041d2c1bcb487cc26dd0d5f7d97098a6c","hash":"184a0b43019fafc3a763761e803a699dce693ecd"}
}
