TN:
SF:/home/UX/vdurcikux/workspaces/uri/src/_uri.js
FN:31,decomposeComponents
FN:50,recomposeAuthorityComponents
FN:61,_checkAuthorityInvariant
FN:69,recomposeComponents
FN:82,percentEncode
FN:86,encode
FN:100,removeDotSegments
FN:162,_merge
FN:174,_transformReference
FN:197,_preParseBaseUri
FN:203,resolve
FN:208,decodeSegments
FN:224,(anonymous_12)
FN:227,encodeSegments
FN:244,(anonymous_14)
FN:247,encodeSegment
FN:251,encodeQuery
FN:255,encodeFragment
FN:259,checkEncoding
FN:297,checkSegmentsEncoding
FN:301,checkSegmentEncoding
FN:305,checkQueryEncoding
FN:309,checkFragmentEncoding
FNF:23
FNH:16
FNDA:94,decomposeComponents
FNDA:49,recomposeAuthorityComponents
FNDA:52,_checkAuthorityInvariant
FNDA:52,recomposeComponents
FNDA:13,percentEncode
FNDA:13,encode
FNDA:80,removeDotSegments
FNDA:33,_merge
FNDA:42,_transformReference
FNDA:42,_preParseBaseUri
FNDA:42,resolve
FNDA:8,decodeSegments
FNDA:12,(anonymous_12)
FNDA:7,encodeSegments
FNDA:11,(anonymous_14)
FNDA:0,encodeSegment
FNDA:2,encodeQuery
FNDA:0,encodeFragment
FNDA:0,checkEncoding
FNDA:0,checkSegmentsEncoding
FNDA:0,checkSegmentEncoding
FNDA:0,checkQueryEncoding
FNDA:0,checkFragmentEncoding
DA:1,1
DA:14,1
DA:15,1
DA:16,1
DA:17,1
DA:18,1
DA:19,1
DA:20,1
DA:21,1
DA:22,1
DA:23,1
DA:24,1
DA:25,1
DA:26,1
DA:27,1
DA:28,1
DA:33,94
DA:34,94
DA:35,94
DA:36,52
DA:38,52
DA:40,94
DA:41,94
DA:51,49
DA:52,0
DA:54,49
DA:55,49
DA:56,49
DA:57,49
DA:58,49
DA:62,52
DA:64,52
DA:65,0
DA:70,52
DA:72,52
DA:73,52
DA:74,52
DA:75,52
DA:76,52
DA:77,52
DA:79,52
DA:83,13
DA:84,13
DA:87,13
DA:88,12
DA:90,1
DA:91,1
DA:92,0
DA:94,1
DA:96,13
DA:97,13
DA:101,80
DA:102,80
DA:103,80
DA:104,80
DA:105,80
DA:106,256
DA:107,256
DA:108,0
DA:109,0
DA:111,256
DA:112,0
DA:113,0
DA:115,256
DA:116,9
DA:117,9
DA:119,247
DA:120,4
DA:121,4
DA:124,247
DA:125,24
DA:126,24
DA:127,24
DA:128,19
DA:130,24
DA:132,223
DA:133,3
DA:134,3
DA:135,3
DA:136,3
DA:137,3
DA:140,223
DA:141,0
DA:142,0
DA:144,223
DA:145,0
DA:146,0
DA:148,223
DA:149,223
DA:150,80
DA:152,223
DA:153,223
DA:156,80
DA:163,33
DA:164,0
DA:166,33
DA:167,33
DA:173,1
DA:175,42
DA:176,0
DA:178,42
DA:179,40
DA:180,40
DA:181,39
DA:182,39
DA:183,3
DA:184,3
DA:186,36
DA:190,42
DA:191,42
DA:198,42
DA:199,0
DA:204,42
DA:205,42
DA:217,8
DA:218,2
DA:220,6
DA:221,6
DA:222,0
DA:224,12
DA:237,7
DA:238,0
DA:240,7
DA:241,2
DA:244,11
DA:248,0
DA:252,2
DA:256,0
DA:267,0
DA:268,0
DA:270,0
DA:271,0
DA:274,0
DA:275,0
DA:276,0
DA:277,0
DA:278,0
DA:280,0
DA:281,0
DA:282,0
DA:284,0
DA:286,0
DA:287,0
DA:288,0
DA:289,0
DA:291,0
DA:294,0
DA:298,0
DA:302,0
DA:306,0
DA:310,0
DA:313,1
LF:152
LH:111
BRDA:35,0,0,52
BRDA:35,0,1,42
BRDA:38,1,0,52
BRDA:38,1,1,5
BRDA:40,2,0,94
BRDA:40,2,1,12
BRDA:51,3,0,0
BRDA:51,3,1,49
BRDA:55,4,0,5
BRDA:55,4,1,44
BRDA:57,5,0,2
BRDA:57,5,1,47
BRDA:62,6,0,52
BRDA:62,6,1,3
BRDA:62,6,2,3
BRDA:62,6,3,3
BRDA:62,6,4,49
BRDA:62,6,5,49
BRDA:64,7,0,0
BRDA:64,7,1,52
BRDA:73,8,0,52
BRDA:73,8,1,0
BRDA:74,9,0,49
BRDA:74,9,1,3
BRDA:76,10,0,9
BRDA:76,10,1,43
BRDA:77,11,0,7
BRDA:77,11,1,45
BRDA:84,12,0,13
BRDA:84,12,1,13
BRDA:87,13,0,12
BRDA:87,13,1,1
BRDA:87,14,0,13
BRDA:87,14,1,13
BRDA:91,15,0,0
BRDA:91,15,1,1
BRDA:107,16,0,0
BRDA:107,16,1,256
BRDA:111,17,0,0
BRDA:111,17,1,256
BRDA:115,18,0,9
BRDA:115,18,1,247
BRDA:119,19,0,4
BRDA:119,19,1,243
BRDA:124,20,0,24
BRDA:124,20,1,223
BRDA:127,21,0,19
BRDA:127,21,1,5
BRDA:127,22,0,24
BRDA:127,22,1,19
BRDA:132,23,0,3
BRDA:132,23,1,220
BRDA:136,24,0,3
BRDA:136,24,1,0
BRDA:136,25,0,3
BRDA:136,25,1,3
BRDA:140,26,0,0
BRDA:140,26,1,223
BRDA:144,27,0,0
BRDA:144,27,1,223
BRDA:149,28,0,80
BRDA:149,28,1,143
BRDA:163,29,0,0
BRDA:163,29,1,33
BRDA:163,30,0,33
BRDA:163,30,1,33
BRDA:167,31,0,0
BRDA:167,31,1,33
BRDA:175,32,0,0
BRDA:175,32,1,42
BRDA:175,33,0,42
BRDA:175,33,1,0
BRDA:178,34,0,40
BRDA:178,34,1,2
BRDA:180,35,0,39
BRDA:180,35,1,1
BRDA:182,36,0,3
BRDA:182,36,1,36
BRDA:184,37,0,1
BRDA:184,37,1,2
BRDA:186,38,0,3
BRDA:186,38,1,33
BRDA:190,39,0,42
BRDA:190,39,1,41
BRDA:198,40,0,0
BRDA:198,40,1,42
BRDA:217,41,0,2
BRDA:217,41,1,6
BRDA:221,42,0,0
BRDA:221,42,1,6
BRDA:237,43,0,0
BRDA:237,43,1,7
BRDA:240,44,0,2
BRDA:240,44,1,5
BRDA:267,45,0,0
BRDA:267,45,1,0
BRDA:276,46,0,0
BRDA:276,46,1,0
BRDA:281,47,0,0
BRDA:281,47,1,0
BRDA:286,48,0,0
BRDA:286,48,1,0
BRDA:288,49,0,0
BRDA:288,49,1,0
BRF:104
BRH:78
end_of_record
